\BOOKMARK [1][-]{section.1}{Introducci\363n}{}% 1
\BOOKMARK [1][-]{section.2}{Glosario de T\351rminos}{}% 2
\BOOKMARK [1][-]{section.3}{Modelo de negocio}{}% 3
\BOOKMARK [2][-]{subsection.3.1}{Proceso de venta}{section.3}% 4
\BOOKMARK [2][-]{subsection.3.2}{Proceso de compra al proveedor}{section.3}% 5
\BOOKMARK [2][-]{subsection.3.3}{Proceso de disponibilidad}{section.3}% 6
\BOOKMARK [2][-]{subsection.3.4}{Proceso de creaci\363n de socios}{section.3}% 7
\BOOKMARK [1][-]{section.4}{Visi\363n General del Sistema}{}% 8
\BOOKMARK [2][-]{subsection.4.1}{Descripci\363n}{section.4}% 9
\BOOKMARK [1][-]{section.5}{Cat\341logo de requisitos}{}% 10
\BOOKMARK [2][-]{subsection.5.1}{Requisitos generales}{section.5}% 11
\BOOKMARK [2][-]{subsection.5.2}{Requisitos de informaci\363n}{section.5}% 12
\BOOKMARK [2][-]{subsection.5.3}{Requisitos funcionales}{section.5}% 13
\BOOKMARK [2][-]{subsection.5.4}{Requisitos no funcionales}{section.5}% 14
\BOOKMARK [2][-]{subsection.5.5}{Reglas de negocio}{section.5}% 15
\BOOKMARK [1][-]{section.6}{Modelo Conceptual}{}% 16
\BOOKMARK [2][-]{subsection.6.1}{Diagramas de clases UML}{section.6}% 17
\BOOKMARK [2][-]{subsection.6.2}{Escenarios de prueba}{section.6}% 18
\BOOKMARK [1][-]{section.7}{Matrices de trazabilidad}{}% 19
\BOOKMARK [2][-]{subsection.7.1}{Pruebas de aceptaci\363n frente a requisitos}{section.7}% 20
\BOOKMARK [2][-]{subsection.7.2}{Pruebas de aceptaci\363n frente a escenarios de prueba}{section.7}% 21
\BOOKMARK [2][-]{subsection.7.3}{Tipos de UML frente a Requisitos}{section.7}% 22
\BOOKMARK [1][-]{section.8}{Modelos relacionales}{}% 23
\BOOKMARK [2][-]{subsection.8.1}{3FN Venta}{section.8}% 24
\BOOKMARK [2][-]{subsection.8.2}{3FN Traspaso - Pedido}{section.8}% 25
\BOOKMARK [1][-]{section.9}{C\363digo SQL de la base de datos}{}% 26
\BOOKMARK [2][-]{subsection.9.1}{Tablas}{section.9}% 27
\BOOKMARK [2][-]{subsection.9.2}{Funciones y Procedures}{section.9}% 28
\BOOKMARK [2][-]{subsection.9.3}{Triggers}{section.9}% 29
\BOOKMARK [2][-]{subsection.9.4}{Pruebas}{section.9}% 30
\BOOKMARK [1][-]{section.10}{Ap\351ndice}{}% 31
\BOOKMARK [2][-]{subsection.10.1}{Actas de reuni\363n}{section.10}% 32
